          page_path  GET     /                                         UiWeb.PageController :index
        dimmer_path  GET     /api/dimmers                              UiWeb.DimmerController :index
        dimmer_path  GET     /api/dimmers/:id                          UiWeb.DimmerController :show
        dimmer_path  POST    /api/dimmers                              UiWeb.DimmerController :create
        dimmer_path  PATCH   /api/dimmers/:id                          UiWeb.DimmerController :update
                     PUT     /api/dimmers/:id                          UiWeb.DimmerController :update
        dimmer_path  DELETE  /api/dimmers/:id                          UiWeb.DimmerController :delete
         light_path  GET     /api/lights                               UiWeb.LightController :index
         light_path  GET     /api/lights/:id                           UiWeb.LightController :show
         light_path  POST    /api/lights                               UiWeb.LightController :create
         light_path  PATCH   /api/lights/:id                           UiWeb.LightController :update
                     PUT     /api/lights/:id                           UiWeb.LightController :update
         light_path  DELETE  /api/lights/:id                           UiWeb.LightController :delete
          port_path  GET     /api/ports                                UiWeb.PortController :index
          port_path  GET     /api/ports/:id                            UiWeb.PortController :show
          port_path  POST    /api/ports                                UiWeb.PortController :create
          port_path  PATCH   /api/ports/:id                            UiWeb.PortController :update
                     PUT     /api/ports/:id                            UiWeb.PortController :update
          port_path  DELETE  /api/ports/:id                            UiWeb.PortController :delete
        action_path  GET     /api/actions                              UiWeb.ActionController :index
        action_path  GET     /api/actions/:id                          UiWeb.ActionController :show
        action_path  POST    /api/actions                              UiWeb.ActionController :create
        action_path  PATCH   /api/actions/:id                          UiWeb.ActionController :update
                     PUT     /api/actions/:id                          UiWeb.ActionController :update
        action_path  DELETE  /api/actions/:id                          UiWeb.ActionController :delete
        device_path  GET     /api/devices                              UiWeb.DeviceController :index
        device_path  GET     /api/devices/:id                          UiWeb.DeviceController :show
        device_path  POST    /api/devices                              UiWeb.DeviceController :create
        device_path  PATCH   /api/devices/:id                          UiWeb.DeviceController :update
                     PUT     /api/devices/:id                          UiWeb.DeviceController :update
        device_path  DELETE  /api/devices/:id                          UiWeb.DeviceController :delete
     dashboard_path  GET     /api/dashboards                           UiWeb.DashboardController :index
     dashboard_path  GET     /api/dashboards/:id                       UiWeb.DashboardController :show
     dashboard_path  POST    /api/dashboards                           UiWeb.DashboardController :create
     dashboard_path  PATCH   /api/dashboards/:id                       UiWeb.DashboardController :update
                     PUT     /api/dashboards/:id                       UiWeb.DashboardController :update
     dashboard_path  DELETE  /api/dashboards/:id                       UiWeb.DashboardController :delete
      sunblind_path  GET     /api/sunblinds                            UiWeb.SunblindController :index
      sunblind_path  GET     /api/sunblinds/:id                        UiWeb.SunblindController :show
      sunblind_path  POST    /api/sunblinds                            UiWeb.SunblindController :create
      sunblind_path  PATCH   /api/sunblinds/:id                        UiWeb.SunblindController :update
                     PUT     /api/sunblinds/:id                        UiWeb.SunblindController :update
      sunblind_path  DELETE  /api/sunblinds/:id                        UiWeb.SunblindController :delete
          task_path  GET     /api/tasks                                UiWeb.TaskController :index
          task_path  GET     /api/tasks/:id                            UiWeb.TaskController :show
          task_path  POST    /api/tasks                                UiWeb.TaskController :create
          task_path  PATCH   /api/tasks/:id                            UiWeb.TaskController :update
                     PUT     /api/tasks/:id                            UiWeb.TaskController :update
          task_path  DELETE  /api/tasks/:id                            UiWeb.TaskController :delete
        device_path  GET     /api/devices/types/all                    UiWeb.DeviceController :get_types
     dashboard_path  GET     /api/dashboards/view/short                UiWeb.DashboardController :short
     dashboard_path  GET     /api/dashboards/view/:id                  UiWeb.DashboardController :view
        dimmer_path  POST    /api/dimmers/setOn/:id                    UiWeb.DimmerController :set_on
        dimmer_path  POST    /api/dimmers/setOff/:id                   UiWeb.DimmerController :set_off
        dimmer_path  POST    /api/dimmers/setLightOff/:id              UiWeb.DimmerController :set_light_off
        dimmer_path  POST    /api/dimmers/setLightOn/:id               UiWeb.DimmerController :set_light_on
        dimmer_path  POST    /api/dimmers/setBrightness                UiWeb.DimmerController :set
         light_path  POST    /api/lights/setOn/:id                     UiWeb.LightController :set_on
         light_path  POST    /api/lights/setOff/:id                    UiWeb.LightController :set_off
         light_path  POST    /api/lights/set/:id/:state                UiWeb.LightController :set
      sunblind_path  POST    /api/sunblinds/click/:id                  UiWeb.SunblindController :click
      sunblind_path  POST    /api/sunblinds/calibrate                  UiWeb.SunblindController :calibrate
        action_path  POST    /api/actions/setOn/:id                    UiWeb.ActionController :set_on
        action_path  POST    /api/actions/setOff/:id                   UiWeb.ActionController :set_off
        action_path  POST    /api/actions/set/:id/:state               UiWeb.ActionController :set
        action_path  POST    /api/actions/update_args/:id              UiWeb.ActionController :update_args
        action_path  GET     /api/actions/get_args/:id                 UiWeb.ActionController :get_args
          port_path  POST    /api/ports/setOn/:id                      UiWeb.PortController :set_on
          port_path  POST    /api/ports/setOff/:id                     UiWeb.PortController :set_off
          task_path  POST    /api/tasks/setOn/:id                      UiWeb.TaskController :set_on
          task_path  POST    /api/tasks/setOff/:id                     UiWeb.TaskController :set_off
          task_path  GET     /api/tasks/types/all                      UiWeb.TaskController :get_types
device_journal_path  GET     /api/stats/device-journal/report/:id      UiWeb.DeviceJournalController :get_report
device_journal_path  GET     /api/stats/device-journal/report_sec/:id  UiWeb.DeviceJournalController :get_report_s
device_journal_path  GET     /api/stats/device-journal/logs/:id        UiWeb.DeviceJournalController :get_logs

